<?xml version="1.0" encoding="UTF-8"?>
<!-- Generated by org.testng.reporters.JUnitReportReporter -->
<testsuite skipped="0" hostname="DESKTOP-SFFU33G" name="com.innoplexus.curia.curiaFramework.SplashPageTest" tests="1" failures="0" timestamp="29 Oct 2022 18:51:06 GMT" time="2.390" errors="0">
  <testcase name="TestSplash" time="2.390" classname="com.innoplexus.curia.curiaFramework.SplashPageTest"/>
</testsuite> <!-- com.innoplexus.curia.curiaFramework.SplashPageTest -->
