<?xml version="1.0" encoding="UTF-8"?>
<!-- Generated by org.testng.reporters.JUnitReportReporter -->
<testsuite skipped="1" hostname="DESKTOP-SFFU33G" name="com.innoplexus.curia.curiaFramework.SplashPageTest5" tests="2" failures="0" timestamp="30 Oct 2022 06:33:09 GMT" time="34.875" errors="1">
  <testcase name="TestSplash5" time="0.000" classname="com.innoplexus.curia.curiaFramework.SplashPageTest5">
    <skipped/>
  </testcase> <!-- TestSplash5 -->
  <testcase name="AppiumTest" time="34.875" classname="com.innoplexus.curia.curiaFramework.SplashPageTest5">
    <error type="org.openqa.selenium.SessionNotCreatedException" message="Could not start a new session. Response code 500. Message: An unknown server-side error occurred while processing the command. Original error: Error executing adbExec. Original error: &#039;Command &#039;C:\\Users\\sai\\AppData\\Local\\Android\\Sdk\\platform-tools\\adb.exe -P 5037 -s e2c94fb9 shell &#039;settings delete global hidden_api_policy_pre_p_apps;settings delete global hidden_api_policy_p_apps;settings delete global hidden_api_policy&#039;&#039; exited with code 1&#039;; Command output: adb.exe: device &#039;e2c94fb9&#039; not found

Build info: version: &#039;4.3.0&#039;, revision: &#039;a4995e2c09*&#039;
System info: host: &#039;DESKTOP-SFFU33G&#039;, ip: &#039;192.168.0.7&#039;, os.name: &#039;Windows 10&#039;, os.arch: &#039;amd64&#039;, os.version: &#039;10.0&#039;, java.version: &#039;1.8.0_351&#039;
Driver info: io.appium.java_client.android.AndroidDriver
Command: [null, newSession {capabilities=[{appium:noReset=true, appium:resetKeyboard=false, appium:unicodeKeyboard=false, appium:appWaitDuration=3000, appium:appWaitActivity=com.innoplexus.patientapp.MainActivity, appium:appActivity=com.innoplexus.patientapp.MainActivity, platformName=ANDROID, appium:deviceName=e2c94fb9, appium:fullReset=false, appium:automationName=UIAutomator2, appium:appPackage=com.innoplexus.patientapp}], desiredCapabilities=Capabilities {appium:appActivity: com.innoplexus.patientapp.M..., appium:appPackage: com.innoplexus.patientapp, appium:appWaitActivity: com.innoplexus.patientapp.M..., appium:appWaitDuration: 3000, appium:automationName: UIAutomator2, appium:deviceName: e2c94fb9, appium:fullReset: false, appium:noReset: true, appium:resetKeyboard: false, appium:unicodeKeyboard: false, platformName: ANDROID}}]
Capabilities {}">
      <![CDATA[org.openqa.selenium.SessionNotCreatedException: Could not start a new session. Response code 500. Message: An unknown server-side error occurred while processing the command. Original error: Error executing adbExec. Original error: 'Command 'C:\\Users\\sai\\AppData\\Local\\Android\\Sdk\\platform-tools\\adb.exe -P 5037 -s e2c94fb9 shell 'settings delete global hidden_api_policy_pre_p_apps;settings delete global hidden_api_policy_p_apps;settings delete global hidden_api_policy'' exited with code 1'; Command output: adb.exe: device 'e2c94fb9' not found

Build info: version: '4.3.0', revision: 'a4995e2c09*'
System info: host: 'DESKTOP-SFFU33G', ip: '192.168.0.7', os.name: 'Windows 10', os.arch: 'amd64', os.version: '10.0', java.version: '1.8.0_351'
Driver info: io.appium.java_client.android.AndroidDriver
Command: [null, newSession {capabilities=[{appium:noReset=true, appium:resetKeyboard=false, appium:unicodeKeyboard=false, appium:appWaitDuration=3000, appium:appWaitActivity=com.innoplexus.patientapp.MainActivity, appium:appActivity=com.innoplexus.patientapp.MainActivity, platformName=ANDROID, appium:deviceName=e2c94fb9, appium:fullReset=false, appium:automationName=UIAutomator2, appium:appPackage=com.innoplexus.patientapp}], desiredCapabilities=Capabilities {appium:appActivity: com.innoplexus.patientapp.M..., appium:appPackage: com.innoplexus.patientapp, appium:appWaitActivity: com.innoplexus.patientapp.M..., appium:appWaitDuration: 3000, appium:automationName: UIAutomator2, appium:deviceName: e2c94fb9, appium:fullReset: false, appium:noReset: true, appium:resetKeyboard: false, appium:unicodeKeyboard: false, platformName: ANDROID}}]
Capabilities {}
at org.openqa.selenium.remote.ProtocolHandshake.createSession(ProtocolHandshake.java:144)
at sun.reflect.NativeMethodAccessorImpl.invoke0(Native Method)
at sun.reflect.NativeMethodAccessorImpl.invoke(NativeMethodAccessorImpl.java:62)
at sun.reflect.DelegatingMethodAccessorImpl.invoke(DelegatingMethodAccessorImpl.java:43)
at java.lang.reflect.Method.invoke(Method.java:498)
at io.appium.java_client.remote.AppiumProtocolHandshake.createSession(AppiumProtocolHandshake.java:126)
at io.appium.java_client.remote.AppiumProtocolHandshake.createSession(AppiumProtocolHandshake.java:102)
at io.appium.java_client.remote.AppiumCommandExecutor.createSession(AppiumCommandExecutor.java:146)
at io.appium.java_client.remote.AppiumCommandExecutor.execute(AppiumCommandExecutor.java:180)
at org.openqa.selenium.remote.RemoteWebDriver.execute(RemoteWebDriver.java:569)
at io.appium.java_client.AppiumDriver.startSession(AppiumDriver.java:224)
at org.openqa.selenium.remote.RemoteWebDriver.<init>(RemoteWebDriver.java:179)
at io.appium.java_client.AppiumDriver.<init>(AppiumDriver.java:79)
at io.appium.java_client.AppiumDriver.<init>(AppiumDriver.java:87)
at io.appium.java_client.android.AndroidDriver.<init>(AndroidDriver.java:116)
at com.innoplexus.curia.curiaFramework.BaseTest.AppiumTest(BaseTest.java:31)
at sun.reflect.NativeMethodAccessorImpl.invoke0(Native Method)
at sun.reflect.NativeMethodAccessorImpl.invoke(NativeMethodAccessorImpl.java:62)
at sun.reflect.DelegatingMethodAccessorImpl.invoke(DelegatingMethodAccessorImpl.java:43)
at java.lang.reflect.Method.invoke(Method.java:498)
at org.testng.internal.MethodInvocationHelper.invokeMethod(MethodInvocationHelper.java:124)
at org.testng.internal.MethodInvocationHelper.invokeMethodConsideringTimeout(MethodInvocationHelper.java:59)
at org.testng.internal.Invoker.invokeConfigurationMethod(Invoker.java:458)
at org.testng.internal.Invoker.invokeConfigurations(Invoker.java:222)
at org.testng.internal.Invoker.invokeConfigurations(Invoker.java:142)
at org.testng.internal.TestMethodWorker.invokeBeforeClassMethods(TestMethodWorker.java:168)
at org.testng.internal.TestMethodWorker.run(TestMethodWorker.java:105)
at org.testng.TestRunner.privateRun(TestRunner.java:648)
at org.testng.TestRunner.run(TestRunner.java:505)
at org.testng.SuiteRunner.runTest(SuiteRunner.java:455)
at org.testng.SuiteRunner.runSequentially(SuiteRunner.java:450)
at org.testng.SuiteRunner.privateRun(SuiteRunner.java:415)
at org.testng.SuiteRunner.run(SuiteRunner.java:364)
at org.testng.SuiteRunnerWorker.runSuite(SuiteRunnerWorker.java:52)
at org.testng.SuiteRunnerWorker.run(SuiteRunnerWorker.java:84)
at org.testng.TestNG.runSuitesSequentially(TestNG.java:1208)
at org.testng.TestNG.runSuitesLocally(TestNG.java:1137)
at org.testng.TestNG.runSuites(TestNG.java:1049)
at org.testng.TestNG.run(TestNG.java:1017)
at org.testng.remote.AbstractRemoteTestNG.run(AbstractRemoteTestNG.java:115)
at org.testng.remote.RemoteTestNG.initAndRun(RemoteTestNG.java:251)
at org.testng.remote.RemoteTestNG.main(RemoteTestNG.java:77)
]]>
    </error>
  </testcase> <!-- AppiumTest -->
</testsuite> <!-- com.innoplexus.curia.curiaFramework.SplashPageTest5 -->
