<?xml version="1.0" encoding="UTF-8"?>
<!-- Generated by org.testng.reporters.JUnitReportReporter -->
<testsuite skipped="0" hostname="DESKTOP-SFFU33G" name="com.innoplexus.curia.curiaFramework.SplashPagesValidation" tests="5" failures="0" timestamp="30 Oct 2022 19:56:29 GMT" time="16.680" errors="0">
  <testcase name="TestSplash1" time="3.036" classname="com.innoplexus.curia.curiaFramework.SplashPagesValidation"/>
  <testcase name="TestSplash4" time="2.009" classname="com.innoplexus.curia.curiaFramework.SplashPagesValidation"/>
  <testcase name="TestSplash2" time="1.749" classname="com.innoplexus.curia.curiaFramework.SplashPagesValidation"/>
  <testcase name="TestSplash3" time="2.274" classname="com.innoplexus.curia.curiaFramework.SplashPagesValidation"/>
  <testcase name="TestSplash5" time="7.612" classname="com.innoplexus.curia.curiaFramework.SplashPagesValidation"/>
</testsuite> <!-- com.innoplexus.curia.curiaFramework.SplashPagesValidation -->
