<?xml version="1.0" encoding="UTF-8"?>
<!-- Generated by org.testng.reporters.JUnitReportReporter -->
<testsuite skipped="0" hostname="DESKTOP-SFFU33G" name="com.innoplexus.curia.curiaFramework.SplashPageTest1" tests="5" failures="0" timestamp="30 Oct 2022 08:22:37 GMT" time="15.795" errors="0">
  <testcase name="TestSplash3" time="1.661" classname="com.innoplexus.curia.curiaFramework.SplashPageTest1"/>
  <testcase name="TestSplash1" time="2.239" classname="com.innoplexus.curia.curiaFramework.SplashPageTest1"/>
  <testcase name="TestSplash5" time="7.005" classname="com.innoplexus.curia.curiaFramework.SplashPageTest1"/>
  <testcase name="TestSplash2" time="2.570" classname="com.innoplexus.curia.curiaFramework.SplashPageTest1"/>
  <testcase name="TestSplash4" time="2.320" classname="com.innoplexus.curia.curiaFramework.SplashPageTest1"/>
</testsuite> <!-- com.innoplexus.curia.curiaFramework.SplashPageTest1 -->
